2024-07-24T22:38:54.886+09:00  INFO 16824 --- [evoproject] [main] c.evo.evoproject.EvoprojectApplication   : Starting EvoprojectApplication using Java 17.0.11 with PID 16824 (C:\DevelopmentKits\team4project_(Development)\EVO\evoproject\build\classes\java\main started by A in C:\DevelopmentKits\team4project_(Development))
2024-07-24T22:38:54.888+09:00  INFO 16824 --- [evoproject] [main] c.evo.evoproject.EvoprojectApplication   : No active profile set, falling back to 1 default profile: "default"
2024-07-24T22:38:56.133+09:00  INFO 16824 --- [evoproject] [main] o.s.b.w.embedded.tomcat.TomcatWebServer  : Tomcat initialized with port 8090 (http)
2024-07-24T22:38:56.145+09:00  INFO 16824 --- [evoproject] [main] o.apache.catalina.core.StandardService   : Starting service [Tomcat]
2024-07-24T22:38:56.145+09:00  INFO 16824 --- [evoproject] [main] o.apache.catalina.core.StandardEngine    : Starting Servlet engine: [Apache Tomcat/10.1.25]
2024-07-24T22:38:56.223+09:00  INFO 16824 --- [evoproject] [main] o.a.c.c.C.[Tomcat].[localhost].[/]       : Initializing Spring embedded WebApplicationContext
2024-07-24T22:38:56.224+09:00  INFO 16824 --- [evoproject] [main] w.s.c.ServletWebServerApplicationContext : Root WebApplicationContext: initialization completed in 1294 ms
2024-07-24T22:38:56.869+09:00  INFO 16824 --- [evoproject] [main] o.s.b.a.w.s.WelcomePageHandlerMapping    : Adding welcome page template: index
2024-07-24T22:38:57.094+09:00  INFO 16824 --- [evoproject] [main] o.s.s.web.DefaultSecurityFilterChain     : Will secure any request with [org.springframework.security.web.session.DisableEncodeUrlFilter@760f1081, org.springframework.security.web.context.request.async.WebAsyncManagerIntegrationFilter@52621501, org.springframework.security.web.context.SecurityContextHolderFilter@23ad2d17, org.springframework.security.web.header.HeaderWriterFilter@6ef4cbe1, org.springframework.web.filter.CorsFilter@401e02b4, org.springframework.security.web.authentication.logout.LogoutFilter@677349fb, com.evo.evoproject.config.LoginFilter@164d01ba, org.springframework.security.web.authentication.UsernamePasswordAuthenticationFilter@478967eb, org.springframework.security.web.savedrequest.RequestCacheAwareFilter@25f0c5e7, org.springframework.security.web.servletapi.SecurityContextHolderAwareRequestFilter@120df990, org.springframework.security.web.authentication.AnonymousAuthenticationFilter@18c880ea, org.springframework.security.web.access.ExceptionTranslationFilter@3db6dd52, org.springframework.security.web.access.intercept.AuthorizationFilter@5345dfe8]
2024-07-24T22:38:57.354+09:00  INFO 16824 --- [evoproject] [main] o.s.b.w.embedded.tomcat.TomcatWebServer  : Tomcat started on port 8090 (http) with context path ''
2024-07-24T22:38:57.364+09:00  INFO 16824 --- [evoproject] [main] c.evo.evoproject.EvoprojectApplication   : Started EvoprojectApplication in 2.957 seconds (process running for 4.103)
2024-07-24T22:38:57.369+09:00  INFO 16824 --- [evoproject] [scheduling-1] c.e.e.s.product.ProductServiceImpl       : 조회수 업데이트 작업을 시작합니다.
2024-07-24T22:38:57.369+09:00  INFO 16824 --- [evoproject] [scheduling-1] c.e.e.s.product.ProductServiceImpl       : 조회수 업데이트 작업을 완료했습니다.
2024-07-24T22:39:57.376+09:00  INFO 16824 --- [evoproject] [scheduling-1] c.e.e.s.product.ProductServiceImpl       : 조회수 업데이트 작업을 시작합니다.
2024-07-24T22:39:57.376+09:00  INFO 16824 --- [evoproject] [scheduling-1] c.e.e.s.product.ProductServiceImpl       : 조회수 업데이트 작업을 완료했습니다.
2024-07-24T22:40:57.372+09:00  INFO 16824 --- [evoproject] [scheduling-1] c.e.e.s.product.ProductServiceImpl       : 조회수 업데이트 작업을 시작합니다.
2024-07-24T22:40:57.372+09:00  INFO 16824 --- [evoproject] [scheduling-1] c.e.e.s.product.ProductServiceImpl       : 조회수 업데이트 작업을 완료했습니다.
2024-07-24T22:41:57.373+09:00  INFO 16824 --- [evoproject] [scheduling-1] c.e.e.s.product.ProductServiceImpl       : 조회수 업데이트 작업을 시작합니다.
2024-07-24T22:41:57.375+09:00  INFO 16824 --- [evoproject] [scheduling-1] c.e.e.s.product.ProductServiceImpl       : 조회수 업데이트 작업을 완료했습니다.
2024-07-24T22:43:40.885+09:00  INFO 29328 --- [evoproject] [main] c.evo.evoproject.EvoprojectApplication   : Starting EvoprojectApplication using Java 17.0.11 with PID 29328 (C:\DevelopmentKits\team4project_(Development)\EVO\evoproject\build\classes\java\main started by A in C:\DevelopmentKits\team4project_(Development))
2024-07-24T22:43:40.887+09:00  INFO 29328 --- [evoproject] [main] c.evo.evoproject.EvoprojectApplication   : No active profile set, falling back to 1 default profile: "default"
2024-07-24T22:43:42.083+09:00  INFO 29328 --- [evoproject] [main] o.s.b.w.embedded.tomcat.TomcatWebServer  : Tomcat initialized with port 8090 (http)
2024-07-24T22:43:42.094+09:00  INFO 29328 --- [evoproject] [main] o.apache.catalina.core.StandardService   : Starting service [Tomcat]
2024-07-24T22:43:42.094+09:00  INFO 29328 --- [evoproject] [main] o.apache.catalina.core.StandardEngine    : Starting Servlet engine: [Apache Tomcat/10.1.25]
2024-07-24T22:43:42.171+09:00  INFO 29328 --- [evoproject] [main] o.a.c.c.C.[Tomcat].[localhost].[/]       : Initializing Spring embedded WebApplicationContext
2024-07-24T22:43:42.171+09:00  INFO 29328 --- [evoproject] [main] w.s.c.ServletWebServerApplicationContext : Root WebApplicationContext: initialization completed in 1244 ms
2024-07-24T22:43:42.754+09:00  INFO 29328 --- [evoproject] [main] o.s.b.a.w.s.WelcomePageHandlerMapping    : Adding welcome page template: index
2024-07-24T22:43:42.952+09:00  INFO 29328 --- [evoproject] [main] o.s.s.web.DefaultSecurityFilterChain     : Will secure any request with [org.springframework.security.web.session.DisableEncodeUrlFilter@7a358613, org.springframework.security.web.context.request.async.WebAsyncManagerIntegrationFilter@760f1081, org.springframework.security.web.context.SecurityContextHolderFilter@2baac4a7, org.springframework.security.web.header.HeaderWriterFilter@1e92c3b6, org.springframework.web.filter.CorsFilter@52621501, org.springframework.security.web.authentication.logout.LogoutFilter@720f56e2, com.evo.evoproject.config.LoginFilter@401e02b4, org.springframework.security.web.authentication.UsernamePasswordAuthenticationFilter@5345dfe8, org.springframework.security.web.savedrequest.RequestCacheAwareFilter@6bce4140, org.springframework.security.web.servletapi.SecurityContextHolderAwareRequestFilter@5882b202, org.springframework.security.web.authentication.AnonymousAuthenticationFilter@164d01ba, org.springframework.security.web.access.ExceptionTranslationFilter@66451058, org.springframework.security.web.access.intercept.AuthorizationFilter@59328218]
2024-07-24T22:43:43.232+09:00  INFO 29328 --- [evoproject] [main] o.s.b.w.embedded.tomcat.TomcatWebServer  : Tomcat started on port 8090 (http) with context path ''
2024-07-24T22:43:43.242+09:00  INFO 29328 --- [evoproject] [main] c.evo.evoproject.EvoprojectApplication   : Started EvoprojectApplication in 2.798 seconds (process running for 3.465)
2024-07-24T22:43:43.247+09:00  INFO 29328 --- [evoproject] [scheduling-1] c.e.e.s.product.ProductServiceImpl       : 조회수 업데이트 작업을 시작합니다.
2024-07-24T22:43:43.248+09:00  INFO 29328 --- [evoproject] [scheduling-1] c.e.e.s.product.ProductServiceImpl       : 조회수 업데이트 작업을 완료했습니다.
2024-07-24T22:43:52.837+09:00  INFO 29328 --- [evoproject] [http-nio-8090-exec-1] o.a.c.c.C.[Tomcat].[localhost].[/]       : Initializing Spring DispatcherServlet 'dispatcherServlet'
2024-07-24T22:43:52.837+09:00  INFO 29328 --- [evoproject] [http-nio-8090-exec-1] o.s.web.servlet.DispatcherServlet        : Initializing Servlet 'dispatcherServlet'
2024-07-24T22:43:52.838+09:00  INFO 29328 --- [evoproject] [http-nio-8090-exec-1] o.s.web.servlet.DispatcherServlet        : Completed initialization in 1 ms
2024-07-24T22:43:59.597+09:00  INFO 29328 --- [evoproject] [http-nio-8090-exec-4] com.zaxxer.hikari.HikariDataSource       : HikariPool-1 - Starting...
2024-07-24T22:43:59.872+09:00  INFO 29328 --- [evoproject] [http-nio-8090-exec-4] com.zaxxer.hikari.pool.HikariPool        : HikariPool-1 - Added connection com.mysql.cj.jdbc.ConnectionImpl@11f07ed3
2024-07-24T22:43:59.874+09:00  INFO 29328 --- [evoproject] [http-nio-8090-exec-4] com.zaxxer.hikari.HikariDataSource       : HikariPool-1 - Start completed.
2024-07-24T22:44:01.531+09:00  INFO 29328 --- [evoproject] [http-nio-8090-exec-4] c.e.e.c.p.RetrieveProductsController     : 모든 제품 목록 요청 - 정렬기준: viewCount_desc, 페이지: 1, 사이즈: 16
2024-07-24T22:44:01.538+09:00  INFO 29328 --- [evoproject] [http-nio-8090-exec-4] c.e.e.s.product.ProductServiceImpl       : 모든 제품 목록을 가져오는 서비스 - 정렬기준: viewCount_desc, 페이지: 1, 사이즈: 16
2024-07-24T22:44:02.760+09:00  INFO 29328 --- [evoproject] [http-nio-8090-exec-10] c.e.e.c.p.RetrieveProductsController     : 제품 상세 정보 요청 - 제품 번호: 1
2024-07-24T22:44:02.761+09:00  INFO 29328 --- [evoproject] [http-nio-8090-exec-10] c.e.e.s.product.ProductServiceImpl       : 특정 제품 상세 정보를 가져오는 서비스 - 제품 번호: 1
2024-07-24T22:44:02.768+09:00  INFO 29328 --- [evoproject] [http-nio-8090-exec-10] c.e.e.s.product.ProductServiceImpl       : 제품 번호 1의 조회수를 증가시킵니다.
2024-07-24T22:44:02.775+09:00  INFO 29328 --- [evoproject] [http-nio-8090-exec-10] c.e.e.c.p.RetrieveProductsController     : 제품 상세 정보 응답: RetrieveProductDetailResponse(product=Product(productNo=1, productName=1970s, Chair, productDes=1970년대, EG Kvalitetsmøbel을 위해 Henning Kjærnulf가 디자인한 덴마크 디자인. 원래 상태가 매우 좋은 식탁 의자 4개 세트: 냄새도 얼룩도 없고 안정적인 구조입니다. 단단한 참나무, 가구 양모 직물. 1970년경 덴마크 가구 제조사 EG Kvalitetsmøbel이 제조했습니다., categoryId=1, price=500000, stock=1, date=Sun Jul 07 00:00:00 KST 2024, viewCount=169, shipping=50000, soldout=0, mainImage=Image(imageId=5, imageName=https://team4project-bucket.s3.ap-northeast-2.amazonaws.com/unnamed_04bc2d01-c6a8-4899-9533-a2b38c58eded_900x.webp, imageType=상품), existingImages=[Image(imageId=1, imageName=https://team4project-bucket.s3.ap-northeast-2.amazonaws.com/unnamed_0a6c1950-5fce-434d-94f4-7bd5272e513d_2048x.webp, imageType=상품), Image(imageId=2, imageName=https://team4project-bucket.s3.ap-northeast-2.amazonaws.com/unnamed_47029bd1-316f-4bea-8be2-85661a92e5f5_900x.webp, imageType=상품), Image(imageId=3, imageName=https://team4project-bucket.s3.ap-northeast-2.amazonaws.com/unnamed_3c1e9b06-a3d7-4e53-8ef6-9a14c0bec15b_900x.webp, imageType=상품), Image(imageId=4, imageName=https://team4project-bucket.s3.ap-northeast-2.amazonaws.com/unnamed_28976efe-0c4e-45ba-96d4-48db29143cad_900x.webp, imageType=상품), Image(imageId=5, imageName=https://team4project-bucket.s3.ap-northeast-2.amazonaws.com/unnamed_04bc2d01-c6a8-4899-9533-a2b38c58eded_900x.webp, imageType=상품)], images=[Image(imageId=1, imageName=https://team4project-bucket.s3.ap-northeast-2.amazonaws.com/unnamed_0a6c1950-5fce-434d-94f4-7bd5272e513d_2048x.webp, imageType=상품), Image(imageId=2, imageName=https://team4project-bucket.s3.ap-northeast-2.amazonaws.com/unnamed_47029bd1-316f-4bea-8be2-85661a92e5f5_900x.webp, imageType=상품), Image(imageId=3, imageName=https://team4project-bucket.s3.ap-northeast-2.amazonaws.com/unnamed_3c1e9b06-a3d7-4e53-8ef6-9a14c0bec15b_900x.webp, imageType=상품), Image(imageId=4, imageName=https://team4project-bucket.s3.ap-northeast-2.amazonaws.com/unnamed_28976efe-0c4e-45ba-96d4-48db29143cad_900x.webp, imageType=상품), Image(imageId=5, imageName=https://team4project-bucket.s3.ap-northeast-2.amazonaws.com/unnamed_04bc2d01-c6a8-4899-9533-a2b38c58eded_900x.webp, imageType=상품)]), images=[Image(imageId=1, imageName=https://team4project-bucket.s3.ap-northeast-2.amazonaws.com/unnamed_0a6c1950-5fce-434d-94f4-7bd5272e513d_2048x.webp, imageType=상품), Image(imageId=2, imageName=https://team4project-bucket.s3.ap-northeast-2.amazonaws.com/unnamed_47029bd1-316f-4bea-8be2-85661a92e5f5_900x.webp, imageType=상품), Image(imageId=3, imageName=https://team4project-bucket.s3.ap-northeast-2.amazonaws.com/unnamed_3c1e9b06-a3d7-4e53-8ef6-9a14c0bec15b_900x.webp, imageType=상품), Image(imageId=4, imageName=https://team4project-bucket.s3.ap-northeast-2.amazonaws.com/unnamed_28976efe-0c4e-45ba-96d4-48db29143cad_900x.webp, imageType=상품), Image(imageId=5, imageName=https://team4project-bucket.s3.ap-northeast-2.amazonaws.com/unnamed_04bc2d01-c6a8-4899-9533-a2b38c58eded_900x.webp, imageType=상품)], relatedProducts=[Product(productNo=2, productName= DINING CHAIR, productDes=1970년대 조각품 같은 등받이가 있는 잔혹한 견고한 참나무 식탁 의자. 나무 부분에 약간의 표면 상처나 얼룩이 있습니다., categoryId=1, price=1000000, stock=1, date=Sun Jul 07 00:00:00 KST 2024, viewCount=104, shipping=50000, soldout=0, mainImage=Image(imageId=6, imageName=https://team4project-bucket.s3.ap-northeast-2.amazonaws.com/unnamed_9b243014-4592-4fc5-ae54-129efe95a8b0_2048x.webp, imageType=상품), existingImages=null, images=null), Product(productNo=3, productName=‘413’ CAB dining chairs, productDes=1977년 이탈리아 카시나를 위한 Mario Bellini의 '413' CAB 다이닝 체어 4개 세트. 이 의자는 내부 강철 프레임을 감싸는 손으로 꿰맨 갈색 가죽 커버가 특징입니다. 전체적으로 좋은 녹청과 함께 원래 상태가 잘 표현되었습니다. 아래에 라벨이 붙어 있습니다., categoryId=1, price=200000, stock=1, date=Thu Jul 18 00:00:00 KST 2024, viewCount=45, shipping=50000, soldout=0, mainImage=Image(imageId=113, imageName=https://team4project-bucket.s3.ap-northeast-2.amazonaws.com/94b43a07-453f-4050-a49b-47aa2ea208cd_unnamed_4e6e9eec-b4d0-4236-b838-5943fe191ada_540x.webp, imageType=상품), existingImages=null, images=null), Product(productNo=4, productName=STACKABLE GARDEN CHAIR, productDes=1980년대 플라스틱 시트와 등받이가 있는 관형 금속 프레임에 쌓을 수 있는 정원 의자. 표면에 약간의 상처, 금속 부분에 얼룩, 마모가 있습니다. 정원, 테라스 또는 인테리어를 위한 완벽한 선택입니다., categoryId=1, price=300000, stock=1, date=Thu Jul 18 00:00:00 KST 2024, viewCount=23, shipping=50000, soldout=0, mainImage=Image(imageId=21, imageName=https://team4project-bucket.s3.ap-northeast-2.amazonaws.com/eb25be75-cbf3-4d6d-a540-ee43c832f1a8_unnamed_339f6e9e-5630-4096-910e-438306353769_540x.webp, imageType=상품), existingImages=null, images=null), Product(productNo=28, productName=Magnificent set of chiar, productDes=1956년 덴마크 Fredericia Stolefabrik을 위해 Børge Mogensen이 제작한 2개의 모델 2256 안락 의자로 구성된 멋진 세트입니다. 이 썰매 의자는 지팡이 좌석과 등받이가 있는 참나무로 만든 프레임이 특징입니다. 수집가의 아이템. 아래에 라벨이 붙어 있습니다., categoryId=1, price=900000, stock=1, date=Fri Jul 19 00:00:00 KST 2024, viewCount=17, shipping=100000, soldout=0, mainImage=Image(imageId=127, imageName=https://team4project-bucket.s3.ap-northeast-2.amazonaws.com/b2cf2659-cbea-4965-95a2-6b95078b331b_magnificent1.png, imageType=상품), existingImages=null, images=null)])
2024-07-24T22:44:02.784+09:00  INFO 29328 --- [evoproject] [http-nio-8090-exec-10] c.e.e.s.product.ProductServiceImpl       : 카테고리별 상위 제품을 조회하는 서비스 - 카테고리 ID: 1
2024-07-24T22:44:04.375+09:00  INFO 29328 --- [evoproject] [http-nio-8090-exec-2] c.e.e.c.p.RetrieveProductsController     : 모든 제품 목록 요청 - 정렬기준: viewCount_desc, 페이지: 1, 사이즈: 16
2024-07-24T22:44:04.376+09:00  INFO 29328 --- [evoproject] [http-nio-8090-exec-2] c.e.e.s.product.ProductServiceImpl       : 모든 제품 목록을 가져오는 서비스 - 정렬기준: viewCount_desc, 페이지: 1, 사이즈: 16
2024-07-24T22:44:06.000+09:00  INFO 29328 --- [evoproject] [http-nio-8090-exec-4] c.e.e.controller.main.CartController     : 사용자 14의 장바구니에 상품이 추가되었습니다.
2024-07-24T22:44:06.016+09:00  INFO 29328 --- [evoproject] [http-nio-8090-exec-1] c.e.e.controller.main.CartController     : 사용자 14의 장바구니 항목 조회: 2개의 상품
2024-07-24T22:44:08.387+09:00  INFO 29328 --- [evoproject] [http-nio-8090-exec-8] c.e.e.controller.main.CartController     : 사용자 14의 장바구니 항목 조회: 2개의 상품
2024-07-24T22:44:09.372+09:00  INFO 29328 --- [evoproject] [http-nio-8090-exec-7] c.e.e.c.p.RetrieveProductsController     : 모든 제품 목록 요청 - 정렬기준: viewCount_desc, 페이지: 1, 사이즈: 16
2024-07-24T22:44:09.374+09:00  INFO 29328 --- [evoproject] [http-nio-8090-exec-7] c.e.e.s.product.ProductServiceImpl       : 모든 제품 목록을 가져오는 서비스 - 정렬기준: viewCount_desc, 페이지: 1, 사이즈: 16
2024-07-24T22:44:10.930+09:00  INFO 29328 --- [evoproject] [http-nio-8090-exec-4] c.e.e.c.p.RetrieveProductsController     : 모든 제품 목록 요청 - 정렬기준: viewCount_desc, 페이지: 1, 사이즈: 16
2024-07-24T22:44:10.931+09:00  INFO 29328 --- [evoproject] [http-nio-8090-exec-4] c.e.e.s.product.ProductServiceImpl       : 모든 제품 목록을 가져오는 서비스 - 정렬기준: viewCount_desc, 페이지: 1, 사이즈: 16
2024-07-24T22:44:11.516+09:00  INFO 29328 --- [evoproject] [http-nio-8090-exec-6] c.e.e.controller.main.CartController     : 사용자 14의 장바구니 항목 조회: 2개의 상품
2024-07-24T22:44:14.626+09:00  INFO 29328 --- [evoproject] [http-nio-8090-exec-3] c.e.e.controller.main.CartController     : 장바구니에서 선택된 상품들이 삭제되었습니다.
2024-07-24T22:44:14.636+09:00  INFO 29328 --- [evoproject] [http-nio-8090-exec-1] c.e.e.controller.main.CartController     : 사용자 14의 장바구니 항목 조회: 0개의 상품
2024-07-24T22:44:15.141+09:00  INFO 29328 --- [evoproject] [http-nio-8090-exec-1] c.e.e.controller.main.CartController     : 사용자 14의 장바구니 항목 조회: 0개의 상품
2024-07-24T22:44:15.861+09:00  INFO 29328 --- [evoproject] [http-nio-8090-exec-5] c.e.e.c.p.RetrieveProductsController     : 모든 제품 목록 요청 - 정렬기준: viewCount_desc, 페이지: 1, 사이즈: 16
2024-07-24T22:44:15.862+09:00  INFO 29328 --- [evoproject] [http-nio-8090-exec-5] c.e.e.s.product.ProductServiceImpl       : 모든 제품 목록을 가져오는 서비스 - 정렬기준: viewCount_desc, 페이지: 1, 사이즈: 16
2024-07-24T22:44:17.705+09:00  WARN 29328 --- [evoproject] [http-nio-8090-exec-8] actStandardFragmentInsertionTagProcessor : [THYMELEAF][http-nio-8090-exec-8][mypage] Deprecated unwrapped fragment expression "header :: header" found in template mypage, line 126, col 9. Please use the complete syntax of fragment expressions instead ("~{header :: header}"). The old, unwrapped syntax for fragment expressions will be removed in future versions of Thymeleaf.
2024-07-24T22:44:17.710+09:00  WARN 29328 --- [evoproject] [http-nio-8090-exec-8] actStandardFragmentInsertionTagProcessor : [THYMELEAF][http-nio-8090-exec-8][mypage] Deprecated unwrapped fragment expression "footer :: footer" found in template mypage, line 204, col 9. Please use the complete syntax of fragment expressions instead ("~{footer :: footer}"). The old, unwrapped syntax for fragment expressions will be removed in future versions of Thymeleaf.
2024-07-24T22:44:19.060+09:00  INFO 29328 --- [evoproject] [http-nio-8090-exec-1] c.e.e.c.order.UserOrderController        : 회원의 주문 목록 요청 - 회원번호: 14, 페이지: 1, 사이즈: 10
2024-07-24T22:44:19.070+09:00  WARN 29328 --- [evoproject] [http-nio-8090-exec-1] actStandardFragmentInsertionTagProcessor : [THYMELEAF][http-nio-8090-exec-1][order/list] Deprecated unwrapped fragment expression "header :: header" found in template order/list, line 309, col 9. Please use the complete syntax of fragment expressions instead ("~{header :: header}"). The old, unwrapped syntax for fragment expressions will be removed in future versions of Thymeleaf.
2024-07-24T22:44:19.078+09:00  WARN 29328 --- [evoproject] [http-nio-8090-exec-1] actStandardFragmentInsertionTagProcessor : [THYMELEAF][http-nio-8090-exec-1][order/list] Deprecated unwrapped fragment expression "footer :: footer" found in template order/list, line 406, col 9. Please use the complete syntax of fragment expressions instead ("~{footer :: footer}"). The old, unwrapped syntax for fragment expressions will be removed in future versions of Thymeleaf.
2024-07-24T22:44:20.705+09:00  INFO 29328 --- [evoproject] [http-nio-8090-exec-1] c.e.e.c.order.UserOrderController        : 회원의 취소/반품 내역 요청 - 회원번호: 14, 페이지: 1, 사이즈: 10
2024-07-24T22:44:20.710+09:00  WARN 29328 --- [evoproject] [http-nio-8090-exec-1] actStandardFragmentInsertionTagProcessor : [THYMELEAF][http-nio-8090-exec-1][order/cancelReturns] Deprecated unwrapped fragment expression "header :: header" found in template order/cancelReturns, line 312, col 9. Please use the complete syntax of fragment expressions instead ("~{header :: header}"). The old, unwrapped syntax for fragment expressions will be removed in future versions of Thymeleaf.
2024-07-24T22:44:20.715+09:00  WARN 29328 --- [evoproject] [http-nio-8090-exec-1] actStandardFragmentInsertionTagProcessor : [THYMELEAF][http-nio-8090-exec-1][order/cancelReturns] Deprecated unwrapped fragment expression "footer :: footer" found in template order/cancelReturns, line 385, col 9. Please use the complete syntax of fragment expressions instead ("~{footer :: footer}"). The old, unwrapped syntax for fragment expressions will be removed in future versions of Thymeleaf.
2024-07-24T22:44:43.245+09:00  INFO 29328 --- [evoproject] [scheduling-1] c.e.e.s.product.ProductServiceImpl       : 조회수 업데이트 작업을 시작합니다.
2024-07-24T22:44:43.245+09:00  INFO 29328 --- [evoproject] [scheduling-1] c.e.e.s.product.ProductServiceImpl       : 제품 번호 1의 조회수를 1만큼 업데이트합니다.
2024-07-24T22:44:43.249+09:00  INFO 29328 --- [evoproject] [scheduling-1] c.e.e.s.product.ProductServiceImpl       : 조회수 업데이트 작업을 완료했습니다.
2024-07-24T22:45:43.244+09:00  INFO 29328 --- [evoproject] [scheduling-1] c.e.e.s.product.ProductServiceImpl       : 조회수 업데이트 작업을 시작합니다.
2024-07-24T22:45:43.245+09:00  INFO 29328 --- [evoproject] [scheduling-1] c.e.e.s.product.ProductServiceImpl       : 조회수 업데이트 작업을 완료했습니다.
2024-07-24T22:46:04.570+09:00  WARN 29328 --- [evoproject] [http-nio-8090-exec-4] actStandardFragmentInsertionTagProcessor : [THYMELEAF][http-nio-8090-exec-4][mypage] Deprecated unwrapped fragment expression "header :: header" found in template mypage, line 126, col 9. Please use the complete syntax of fragment expressions instead ("~{header :: header}"). The old, unwrapped syntax for fragment expressions will be removed in future versions of Thymeleaf.
2024-07-24T22:46:04.573+09:00  WARN 29328 --- [evoproject] [http-nio-8090-exec-4] actStandardFragmentInsertionTagProcessor : [THYMELEAF][http-nio-8090-exec-4][mypage] Deprecated unwrapped fragment expression "footer :: footer" found in template mypage, line 204, col 9. Please use the complete syntax of fragment expressions instead ("~{footer :: footer}"). The old, unwrapped syntax for fragment expressions will be removed in future versions of Thymeleaf.
2024-07-24T22:46:16.702+09:00  INFO 29328 --- [evoproject] [http-nio-8090-exec-7] c.e.e.s.product.ProductServiceImpl       : 모든 제품 목록을 가져오는 서비스 - 정렬기준: pro_date_desc, 페이지: 1, 사이즈: 10
2024-07-24T22:46:16.751+09:00 ERROR 29328 --- [evoproject] [http-nio-8090-exec-3] o.a.c.c.C.[.[.[/].[dispatcherServlet]    : Servlet.service() for servlet [dispatcherServlet] in context with path [] threw exception [Request processing failed: java.lang.RuntimeException: File not found 20250781-a38f-4521-8bd8-4363b5b7ee36_4bf5f70a25e73d9878e1e032297dc3b7_540x.webp] with root cause

java.lang.RuntimeException: File not found 20250781-a38f-4521-8bd8-4363b5b7ee36_4bf5f70a25e73d9878e1e032297dc3b7_540x.webp
	at com.evo.evoproject.service.image.ImageServiceImpl.loadImage(ImageServiceImpl.java:105) ~[main/:na]
	at com.evo.evoproject.controller.product.ImageController.getImage(ImageController.java:20) ~[main/:na]
	at java.base/jdk.internal.reflect.NativeMethodAccessorImpl.invoke0(Native Method) ~[na:na]
	at java.base/jdk.internal.reflect.NativeMethodAccessorImpl.invoke(NativeMethodAccessorImpl.java:77) ~[na:na]
	at java.base/jdk.internal.reflect.DelegatingMethodAccessorImpl.invoke(DelegatingMethodAccessorImpl.java:43) ~[na:na]
	at java.base/java.lang.reflect.Method.invoke(Method.java:568) ~[na:na]
	at org.springframework.web.method.support.InvocableHandlerMethod.doInvoke(InvocableHandlerMethod.java:255) ~[spring-web-6.1.10.jar:6.1.10]
	at org.springframework.web.method.support.InvocableHandlerMethod.invokeForRequest(InvocableHandlerMethod.java:188) ~[spring-web-6.1.10.jar:6.1.10]
	at org.springframework.web.servlet.mvc.method.annotation.ServletInvocableHandlerMethod.invokeAndHandle(ServletInvocableHandlerMethod.java:118) ~[spring-webmvc-6.1.10.jar:6.1.10]
	at org.springframework.web.servlet.mvc.method.annotation.RequestMappingHandlerAdapter.invokeHandlerMethod(RequestMappingHandlerAdapter.java:926) ~[spring-webmvc-6.1.10.jar:6.1.10]
	at org.springframework.web.servlet.mvc.method.annotation.RequestMappingHandlerAdapter.handleInternal(RequestMappingHandlerAdapter.java:831) ~[spring-webmvc-6.1.10.jar:6.1.10]
	at org.springframework.web.servlet.mvc.method.AbstractHandlerMethodAdapter.handle(AbstractHandlerMethodAdapter.java:87) ~[spring-webmvc-6.1.10.jar:6.1.10]
	at org.springframework.web.servlet.DispatcherServlet.doDispatch(DispatcherServlet.java:1089) ~[spring-webmvc-6.1.10.jar:6.1.10]
	at org.springframework.web.servlet.DispatcherServlet.doService(DispatcherServlet.java:979) ~[spring-webmvc-6.1.10.jar:6.1.10]
	at org.springframework.web.servlet.FrameworkServlet.processRequest(FrameworkServlet.java:1014) ~[spring-webmvc-6.1.10.jar:6.1.10]
	at org.springframework.web.servlet.FrameworkServlet.doGet(FrameworkServlet.java:903) ~[spring-webmvc-6.1.10.jar:6.1.10]
	at jakarta.servlet.http.HttpServlet.service(HttpServlet.java:564) ~[tomcat-embed-core-10.1.25.jar:6.0]
	at org.springframework.web.servlet.FrameworkServlet.service(FrameworkServlet.java:885) ~[spring-webmvc-6.1.10.jar:6.1.10]
	at jakarta.servlet.http.HttpServlet.service(HttpServlet.java:658) ~[tomcat-embed-core-10.1.25.jar:6.0]
	at org.apache.catalina.core.ApplicationFilterChain.internalDoFilter(ApplicationFilterChain.java:195) ~[tomcat-embed-core-10.1.25.jar:10.1.25]
	at org.apache.catalina.core.ApplicationFilterChain.doFilter(ApplicationFilterChain.java:140) ~[tomcat-embed-core-10.1.25.jar:10.1.25]
	at org.apache.tomcat.websocket.server.WsFilter.doFilter(WsFilter.java:51) ~[tomcat-embed-websocket-10.1.25.jar:10.1.25]
	at org.apache.catalina.core.ApplicationFilterChain.internalDoFilter(ApplicationFilterChain.java:164) ~[tomcat-embed-core-10.1.25.jar:10.1.25]
	at org.apache.catalina.core.ApplicationFilterChain.doFilter(ApplicationFilterChain.java:140) ~[tomcat-embed-core-10.1.25.jar:10.1.25]
	at org.springframework.web.filter.CompositeFilter$VirtualFilterChain.doFilter(CompositeFilter.java:108) ~[spring-web-6.1.10.jar:6.1.10]
	at org.springframework.security.web.FilterChainProxy.lambda$doFilterInternal$3(FilterChainProxy.java:231) ~[spring-security-web-6.2.5.jar:6.2.5]
	at org.springframework.security.web.FilterChainProxy$VirtualFilterChain.doFilter(FilterChainProxy.java:365) ~[spring-security-web-6.2.5.jar:6.2.5]
	at org.springframework.security.web.access.intercept.AuthorizationFilter.doFilter(AuthorizationFilter.java:100) ~[spring-security-web-6.2.5.jar:6.2.5]
	at org.springframework.security.web.FilterChainProxy$VirtualFilterChain.doFilter(FilterChainProxy.java:374) ~[spring-security-web-6.2.5.jar:6.2.5]
	at org.springframework.security.web.access.ExceptionTranslationFilter.doFilter(ExceptionTranslationFilter.java:126) ~[spring-security-web-6.2.5.jar:6.2.5]
	at org.springframework.security.web.access.ExceptionTranslationFilter.doFilter(ExceptionTranslationFilter.java:120) ~[spring-security-web-6.2.5.jar:6.2.5]
	at org.springframework.security.web.FilterChainProxy$VirtualFilterChain.doFilter(FilterChainProxy.java:374) ~[spring-security-web-6.2.5.jar:6.2.5]
	at org.springframework.security.web.authentication.AnonymousAuthenticationFilter.doFilter(AnonymousAuthenticationFilter.java:100) ~[spring-security-web-6.2.5.jar:6.2.5]
	at org.springframework.security.web.FilterChainProxy$VirtualFilterChain.doFilter(FilterChainProxy.java:374) ~[spring-security-web-6.2.5.jar:6.2.5]
	at org.springframework.security.web.servletapi.SecurityContextHolderAwareRequestFilter.doFilter(SecurityContextHolderAwareRequestFilter.java:179) ~[spring-security-web-6.2.5.jar:6.2.5]
	at org.springframework.security.web.FilterChainProxy$VirtualFilterChain.doFilter(FilterChainProxy.java:374) ~[spring-security-web-6.2.5.jar:6.2.5]
	at org.springframework.security.web.savedrequest.RequestCacheAwareFilter.doFilter(RequestCacheAwareFilter.java:63) ~[spring-security-web-6.2.5.jar:6.2.5]
	at org.springframework.security.web.FilterChainProxy$VirtualFilterChain.doFilter(FilterChainProxy.java:374) ~[spring-security-web-6.2.5.jar:6.2.5]
	at org.springframework.security.web.authentication.AbstractAuthenticationProcessingFilter.doFilter(AbstractAuthenticationProcessingFilter.java:227) ~[spring-security-web-6.2.5.jar:6.2.5]
	at org.springframework.security.web.authentication.AbstractAuthenticationProcessingFilter.doFilter(AbstractAuthenticationProcessingFilter.java:221) ~[spring-security-web-6.2.5.jar:6.2.5]
	at org.springframework.security.web.FilterChainProxy$VirtualFilterChain.doFilter(FilterChainProxy.java:374) ~[spring-security-web-6.2.5.jar:6.2.5]
	at com.evo.evoproject.config.LoginFilter.doFilter(LoginFilter.java:25) ~[main/:na]
	at jakarta.servlet.http.HttpFilter.doFilter(HttpFilter.java:53) ~[tomcat-embed-core-10.1.25.jar:6.0]
	at org.springframework.security.web.FilterChainProxy$VirtualFilterChain.doFilter(FilterChainProxy.java:374) ~[spring-security-web-6.2.5.jar:6.2.5]
	at org.springframework.security.web.authentication.logout.LogoutFilter.doFilter(LogoutFilter.java:107) ~[spring-security-web-6.2.5.jar:6.2.5]
	at org.springframework.security.web.authentication.logout.LogoutFilter.doFilter(LogoutFilter.java:93) ~[spring-security-web-6.2.5.jar:6.2.5]
	at org.springframework.security.web.FilterChainProxy$VirtualFilterChain.doFilter(FilterChainProxy.java:374) ~[spring-security-web-6.2.5.jar:6.2.5]
	at org.springframework.web.filter.CorsFilter.doFilterInternal(CorsFilter.java:91) ~[spring-web-6.1.10.jar:6.1.10]
	at org.springframework.web.filter.OncePerRequestFilter.doFilter(OncePerRequestFilter.java:116) ~[spring-web-6.1.10.jar:6.1.10]
	at org.springframework.security.web.FilterChainProxy$VirtualFilterChain.doFilter(FilterChainProxy.java:374) ~[spring-security-web-6.2.5.jar:6.2.5]
	at org.springframework.security.web.header.HeaderWriterFilter.doHeadersAfter(HeaderWriterFilter.java:90) ~[spring-security-web-6.2.5.jar:6.2.5]
	at org.springframework.security.web.header.HeaderWriterFilter.doFilterInternal(HeaderWriterFilter.java:75) ~[spring-security-web-6.2.5.jar:6.2.5]
	at org.springframework.web.filter.OncePerRequestFilter.doFilter(OncePerRequestFilter.java:116) ~[spring-web-6.1.10.jar:6.1.10]
	at org.springframework.security.web.FilterChainProxy$VirtualFilterChain.doFilter(FilterChainProxy.java:374) ~[spring-security-web-6.2.5.jar:6.2.5]
	at org.springframework.security.web.context.SecurityContextHolderFilter.doFilter(SecurityContextHolderFilter.java:82) ~[spring-security-web-6.2.5.jar:6.2.5]
	at org.springframework.security.web.context.SecurityContextHolderFilter.doFilter(SecurityContextHolderFilter.java:69) ~[spring-security-web-6.2.5.jar:6.2.5]
	at org.springframework.security.web.FilterChainProxy$VirtualFilterChain.doFilter(FilterChainProxy.java:374) ~[spring-security-web-6.2.5.jar:6.2.5]
	at org.springframework.security.web.context.request.async.WebAsyncManagerIntegrationFilter.doFilterInternal(WebAsyncManagerIntegrationFilter.java:62) ~[spring-security-web-6.2.5.jar:6.2.5]
	at org.springframework.web.filter.OncePerRequestFilter.doFilter(OncePerRequestFilter.java:116) ~[spring-web-6.1.10.jar:6.1.10]
	at org.springframework.security.web.FilterChainProxy$VirtualFilterChain.doFilter(FilterChainProxy.java:374) ~[spring-security-web-6.2.5.jar:6.2.5]
	at org.springframework.security.web.session.DisableEncodeUrlFilter.doFilterInternal(DisableEncodeUrlFilter.java:42) ~[spring-security-web-6.2.5.jar:6.2.5]
	at org.springframework.web.filter.OncePerRequestFilter.doFilter(OncePerRequestFilter.java:116) ~[spring-web-6.1.10.jar:6.1.10]
	at org.springframework.security.web.FilterChainProxy$VirtualFilterChain.doFilter(FilterChainProxy.java:374) ~[spring-security-web-6.2.5.jar:6.2.5]
	at org.springframework.security.web.FilterChainProxy.doFilterInternal(FilterChainProxy.java:233) ~[spring-security-web-6.2.5.jar:6.2.5]
	at org.springframework.security.web.FilterChainProxy.doFilter(FilterChainProxy.java:191) ~[spring-security-web-6.2.5.jar:6.2.5]
	at org.springframework.web.filter.CompositeFilter$VirtualFilterChain.doFilter(CompositeFilter.java:113) ~[spring-web-6.1.10.jar:6.1.10]
	at org.springframework.web.servlet.handler.HandlerMappingIntrospector.lambda$createCacheFilter$3(HandlerMappingIntrospector.java:195) ~[spring-webmvc-6.1.10.jar:6.1.10]
	at org.springframework.web.filter.CompositeFilter$VirtualFilterChain.doFilter(CompositeFilter.java:113) ~[spring-web-6.1.10.jar:6.1.10]
	at org.springframework.web.filter.CompositeFilter.doFilter(CompositeFilter.java:74) ~[spring-web-6.1.10.jar:6.1.10]
	at org.springframework.security.config.annotation.web.configuration.WebMvcSecurityConfiguration$CompositeFilterChainProxy.doFilter(WebMvcSecurityConfiguration.java:230) ~[spring-security-config-6.2.5.jar:6.2.5]
	at org.springframework.web.filter.DelegatingFilterProxy.invokeDelegate(DelegatingFilterProxy.java:352) ~[spring-web-6.1.10.jar:6.1.10]
	at org.springframework.web.filter.DelegatingFilterProxy.doFilter(DelegatingFilterProxy.java:268) ~[spring-web-6.1.10.jar:6.1.10]
	at org.apache.catalina.core.ApplicationFilterChain.internalDoFilter(ApplicationFilterChain.java:164) ~[tomcat-embed-core-10.1.25.jar:10.1.25]
	at org.apache.catalina.core.ApplicationFilterChain.doFilter(ApplicationFilterChain.java:140) ~[tomcat-embed-core-10.1.25.jar:10.1.25]
	at org.springframework.web.filter.RequestContextFilter.doFilterInternal(RequestContextFilter.java:100) ~[spring-web-6.1.10.jar:6.1.10]
	at org.springframework.web.filter.OncePerRequestFilter.doFilter(OncePerRequestFilter.java:116) ~[spring-web-6.1.10.jar:6.1.10]
	at org.apache.catalina.core.ApplicationFilterChain.internalDoFilter(ApplicationFilterChain.java:164) ~[tomcat-embed-core-10.1.25.jar:10.1.25]
	at org.apache.catalina.core.ApplicationFilterChain.doFilter(ApplicationFilterChain.java:140) ~[tomcat-embed-core-10.1.25.jar:10.1.25]
	at org.springframework.web.filter.FormContentFilter.doFilterInternal(FormContentFilter.java:93) ~[spring-web-6.1.10.jar:6.1.10]
	at org.springframework.web.filter.OncePerRequestFilter.doFilter(OncePerRequestFilter.java:116) ~[spring-web-6.1.10.jar:6.1.10]
	at org.apache.catalina.core.ApplicationFilterChain.internalDoFilter(ApplicationFilterChain.java:164) ~[tomcat-embed-core-10.1.25.jar:10.1.25]
	at org.apache.catalina.core.ApplicationFilterChain.doFilter(ApplicationFilterChain.java:140) ~[tomcat-embed-core-10.1.25.jar:10.1.25]
	at org.springframework.web.filter.CharacterEncodingFilter.doFilterInternal(CharacterEncodingFilter.java:201) ~[spring-web-6.1.10.jar:6.1.10]
	at org.springframework.web.filter.OncePerRequestFilter.doFilter(OncePerRequestFilter.java:116) ~[spring-web-6.1.10.jar:6.1.10]
	at org.apache.catalina.core.ApplicationFilterChain.internalDoFilter(ApplicationFilterChain.java:164) ~[tomcat-embed-core-10.1.25.jar:10.1.25]
	at org.apache.catalina.core.ApplicationFilterChain.doFilter(ApplicationFilterChain.java:140) ~[tomcat-embed-core-10.1.25.jar:10.1.25]
	at org.apache.catalina.core.StandardWrapperValve.invoke(StandardWrapperValve.java:167) ~[tomcat-embed-core-10.1.25.jar:10.1.25]
	at org.apache.catalina.core.StandardContextValve.invoke(StandardContextValve.java:90) ~[tomcat-embed-core-10.1.25.jar:10.1.25]
	at org.apache.catalina.authenticator.AuthenticatorBase.invoke(AuthenticatorBase.java:482) ~[tomcat-embed-core-10.1.25.jar:10.1.25]
	at org.apache.catalina.core.StandardHostValve.invoke(StandardHostValve.java:115) ~[tomcat-embed-core-10.1.25.jar:10.1.25]
	at org.apache.catalina.valves.ErrorReportValve.invoke(ErrorReportValve.java:93) ~[tomcat-embed-core-10.1.25.jar:10.1.25]
	at org.apache.catalina.core.StandardEngineValve.invoke(StandardEngineValve.java:74) ~[tomcat-embed-core-10.1.25.jar:10.1.25]
	at org.apache.catalina.connector.CoyoteAdapter.service(CoyoteAdapter.java:344) ~[tomcat-embed-core-10.1.25.jar:10.1.25]
	at org.apache.coyote.http11.Http11Processor.service(Http11Processor.java:389) ~[tomcat-embed-core-10.1.25.jar:10.1.25]
	at org.apache.coyote.AbstractProcessorLight.process(AbstractProcessorLight.java:63) ~[tomcat-embed-core-10.1.25.jar:10.1.25]
	at org.apache.coyote.AbstractProtocol$ConnectionHandler.process(AbstractProtocol.java:904) ~[tomcat-embed-core-10.1.25.jar:10.1.25]
	at org.apache.tomcat.util.net.NioEndpoint$SocketProcessor.doRun(NioEndpoint.java:1741) ~[tomcat-embed-core-10.1.25.jar:10.1.25]
	at org.apache.tomcat.util.net.SocketProcessorBase.run(SocketProcessorBase.java:52) ~[tomcat-embed-core-10.1.25.jar:10.1.25]
	at org.apache.tomcat.util.threads.ThreadPoolExecutor.runWorker(ThreadPoolExecutor.java:1190) ~[tomcat-embed-core-10.1.25.jar:10.1.25]
	at org.apache.tomcat.util.threads.ThreadPoolExecutor$Worker.run(ThreadPoolExecutor.java:659) ~[tomcat-embed-core-10.1.25.jar:10.1.25]
	at org.apache.tomcat.util.threads.TaskThread$WrappingRunnable.run(TaskThread.java:63) ~[tomcat-embed-core-10.1.25.jar:10.1.25]
	at java.base/java.lang.Thread.run(Thread.java:842) ~[na:na]

2024-07-24T22:46:20.428+09:00  INFO 29328 --- [evoproject] [http-nio-8090-exec-2] c.e.e.s.product.ProductServiceImpl       : 모든 제품 목록을 가져오는 서비스 - 정렬기준: pro_date_desc, 페이지: 1, 사이즈: 10
2024-07-24T22:46:22.775+09:00  INFO 29328 --- [evoproject] [http-nio-8090-exec-4] c.e.e.s.product.ProductServiceImpl       : 모든 제품 목록을 가져오는 서비스 - 정렬기준: pro_date_desc, 페이지: 2, 사이즈: 10
2024-07-24T22:46:24.466+09:00  INFO 29328 --- [evoproject] [http-nio-8090-exec-8] c.e.e.s.product.ProductServiceImpl       : 모든 제품 목록을 가져오는 서비스 - 정렬기준: pro_date_desc, 페이지: 3, 사이즈: 10
2024-07-24T22:46:26.294+09:00  INFO 29328 --- [evoproject] [http-nio-8090-exec-9] c.e.e.s.product.ProductServiceImpl       : 모든 제품 목록을 가져오는 서비스 - 정렬기준: pro_date_desc, 페이지: 1, 사이즈: 10
2024-07-24T22:46:43.246+09:00  INFO 29328 --- [evoproject] [scheduling-1] c.e.e.s.product.ProductServiceImpl       : 조회수 업데이트 작업을 시작합니다.
2024-07-24T22:46:43.246+09:00  INFO 29328 --- [evoproject] [scheduling-1] c.e.e.s.product.ProductServiceImpl       : 조회수 업데이트 작업을 완료했습니다.
2024-07-24T22:47:04.026+09:00  WARN 29328 --- [evoproject] [http-nio-8090-exec-9] .w.s.m.s.DefaultHandlerExceptionResolver : Resolved [org.springframework.web.bind.MethodArgumentNotValidException: Validation failed for argument [0] in public java.lang.String com.evo.evoproject.controller.admin.AdminProductController.saveProduct(com.evo.evoproject.domain.product.Product,java.util.List<org.springframework.web.multipart.MultipartFile>) with 2 errors: [Field error in object 'product' on field 'price': rejected value [1,000]; codes [typeMismatch.product.price,typeMismatch.price,typeMismatch.int,typeMismatch]; arguments [org.springframework.context.support.DefaultMessageSourceResolvable: codes [product.price,price]; arguments []; default message [price]]; default message [Failed to convert property value of type 'java.lang.String' to required type 'int' for property 'price'; For input string: "1,000"]] [Field error in object 'product' on field 'shipping': rejected value [100,000]; codes [typeMismatch.product.shipping,typeMismatch.shipping,typeMismatch.int,typeMismatch]; arguments [org.springframework.context.support.DefaultMessageSourceResolvable: codes [product.shipping,shipping]; arguments []; default message [shipping]]; default message [Failed to convert property value of type 'java.lang.String' to required type 'int' for property 'shipping'; For input string: "100,000"]] ]
2024-07-24T22:47:05.362+09:00  INFO 29328 --- [evoproject] [http-nio-8090-exec-7] c.e.e.s.product.ProductServiceImpl       : 모든 제품 목록을 가져오는 서비스 - 정렬기준: pro_date_desc, 페이지: 1, 사이즈: 10
2024-07-24T22:47:43.254+09:00  INFO 29328 --- [evoproject] [scheduling-1] c.e.e.s.product.ProductServiceImpl       : 조회수 업데이트 작업을 시작합니다.
2024-07-24T22:47:43.254+09:00  INFO 29328 --- [evoproject] [scheduling-1] c.e.e.s.product.ProductServiceImpl       : 조회수 업데이트 작업을 완료했습니다.
2024-07-24T22:48:43.242+09:00  INFO 29328 --- [evoproject] [scheduling-1] c.e.e.s.product.ProductServiceImpl       : 조회수 업데이트 작업을 시작합니다.
2024-07-24T22:48:43.242+09:00  INFO 29328 --- [evoproject] [scheduling-1] c.e.e.s.product.ProductServiceImpl       : 조회수 업데이트 작업을 완료했습니다.
2024-07-24T22:49:43.250+09:00  INFO 29328 --- [evoproject] [scheduling-1] c.e.e.s.product.ProductServiceImpl       : 조회수 업데이트 작업을 시작합니다.
2024-07-24T22:49:43.250+09:00  INFO 29328 --- [evoproject] [scheduling-1] c.e.e.s.product.ProductServiceImpl       : 조회수 업데이트 작업을 완료했습니다.
2024-07-24T22:50:43.252+09:00  INFO 29328 --- [evoproject] [scheduling-1] c.e.e.s.product.ProductServiceImpl       : 조회수 업데이트 작업을 시작합니다.
2024-07-24T22:50:43.253+09:00  INFO 29328 --- [evoproject] [scheduling-1] c.e.e.s.product.ProductServiceImpl       : 조회수 업데이트 작업을 완료했습니다.
2024-07-24T22:51:28.597+09:00  INFO 29328 --- [evoproject] [SpringApplicationShutdownHook] com.zaxxer.hikari.HikariDataSource       : HikariPool-1 - Shutdown initiated...
2024-07-24T22:51:28.789+09:00  INFO 29328 --- [evoproject] [SpringApplicationShutdownHook] com.zaxxer.hikari.HikariDataSource       : HikariPool-1 - Shutdown completed.
2024-07-24T22:56:28.084+09:00  INFO 7464 --- [evoproject] [main] c.evo.evoproject.EvoprojectApplication   : Starting EvoprojectApplication using Java 17.0.11 with PID 7464 (C:\DevelopmentKits\team4project_(Development)\EVO\evoproject\build\classes\java\main started by A in C:\DevelopmentKits\team4project_(Development))
2024-07-24T22:56:28.087+09:00  INFO 7464 --- [evoproject] [main] c.evo.evoproject.EvoprojectApplication   : No active profile set, falling back to 1 default profile: "default"
2024-07-24T22:56:29.575+09:00  INFO 7464 --- [evoproject] [main] o.s.b.w.embedded.tomcat.TomcatWebServer  : Tomcat initialized with port 8090 (http)
2024-07-24T22:56:29.587+09:00  INFO 7464 --- [evoproject] [main] o.apache.catalina.core.StandardService   : Starting service [Tomcat]
2024-07-24T22:56:29.587+09:00  INFO 7464 --- [evoproject] [main] o.apache.catalina.core.StandardEngine    : Starting Servlet engine: [Apache Tomcat/10.1.25]
2024-07-24T22:56:29.677+09:00  INFO 7464 --- [evoproject] [main] o.a.c.c.C.[Tomcat].[localhost].[/]       : Initializing Spring embedded WebApplicationContext
2024-07-24T22:56:29.678+09:00  INFO 7464 --- [evoproject] [main] w.s.c.ServletWebServerApplicationContext : Root WebApplicationContext: initialization completed in 1546 ms
2024-07-24T22:56:30.361+09:00  INFO 7464 --- [evoproject] [main] o.s.b.a.w.s.WelcomePageHandlerMapping    : Adding welcome page template: index
2024-07-24T22:56:30.601+09:00  INFO 7464 --- [evoproject] [main] o.s.s.web.DefaultSecurityFilterChain     : Will secure any request with [org.springframework.security.web.session.DisableEncodeUrlFilter@18c880ea, org.springframework.security.web.context.request.async.WebAsyncManagerIntegrationFilter@5ac044ef, org.springframework.security.web.context.SecurityContextHolderFilter@120df990, org.springframework.security.web.header.HeaderWriterFilter@6bce4140, org.springframework.web.filter.CorsFilter@6afbe6a1, org.springframework.security.web.authentication.logout.LogoutFilter@59918c8f, com.evo.evoproject.config.LoginFilter@14457a95, org.springframework.security.web.authentication.UsernamePasswordAuthenticationFilter@760f1081, org.springframework.security.web.savedrequest.RequestCacheAwareFilter@282c4da0, org.springframework.security.web.servletapi.SecurityContextHolderAwareRequestFilter@18cf5c52, org.springframework.security.web.authentication.AnonymousAuthenticationFilter@48567727, org.springframework.security.web.access.ExceptionTranslationFilter@2baac4a7, org.springframework.security.web.access.intercept.AuthorizationFilter@7a358613]
2024-07-24T22:56:31.020+09:00  INFO 7464 --- [evoproject] [main] o.s.b.w.embedded.tomcat.TomcatWebServer  : Tomcat started on port 8090 (http) with context path ''
2024-07-24T22:56:31.033+09:00  INFO 7464 --- [evoproject] [main] c.evo.evoproject.EvoprojectApplication   : Started EvoprojectApplication in 3.504 seconds (process running for 4.284)
2024-07-24T22:56:31.039+09:00  INFO 7464 --- [evoproject] [scheduling-1] c.e.e.s.product.ProductServiceImpl       : 조회수 업데이트 작업을 시작합니다.
2024-07-24T22:56:31.040+09:00  INFO 7464 --- [evoproject] [scheduling-1] c.e.e.s.product.ProductServiceImpl       : 조회수 업데이트 작업을 완료했습니다.
2024-07-24T22:56:46.629+09:00  INFO 7464 --- [evoproject] [http-nio-8090-exec-1] o.a.c.c.C.[Tomcat].[localhost].[/]       : Initializing Spring DispatcherServlet 'dispatcherServlet'
2024-07-24T22:56:46.630+09:00  INFO 7464 --- [evoproject] [http-nio-8090-exec-1] o.s.web.servlet.DispatcherServlet        : Initializing Servlet 'dispatcherServlet'
2024-07-24T22:56:46.631+09:00  INFO 7464 --- [evoproject] [http-nio-8090-exec-1] o.s.web.servlet.DispatcherServlet        : Completed initialization in 1 ms
2024-07-24T22:56:52.971+09:00  INFO 7464 --- [evoproject] [http-nio-8090-exec-2] com.zaxxer.hikari.HikariDataSource       : HikariPool-1 - Starting...
2024-07-24T22:56:53.230+09:00  INFO 7464 --- [evoproject] [http-nio-8090-exec-2] com.zaxxer.hikari.pool.HikariPool        : HikariPool-1 - Added connection com.mysql.cj.jdbc.ConnectionImpl@38059994
2024-07-24T22:56:53.232+09:00  INFO 7464 --- [evoproject] [http-nio-8090-exec-2] com.zaxxer.hikari.HikariDataSource       : HikariPool-1 - Start completed.
2024-07-24T22:56:53.454+09:00  INFO 7464 --- [evoproject] [http-nio-8090-exec-7] c.e.e.s.product.ProductServiceImpl       : 모든 제품 목록을 가져오는 서비스 - 정렬기준: pro_date_desc, 페이지: 1, 사이즈: 10
2024-07-24T22:57:05.534+09:00  INFO 7464 --- [evoproject] [http-nio-8090-exec-5] c.e.e.s.product.ProductServiceImpl       : 모든 제품 목록을 가져오는 서비스 - 정렬기준: pro_date_desc, 페이지: 1, 사이즈: 10
2024-07-24T22:57:27.615+09:00  INFO 7464 --- [evoproject] [http-nio-8090-exec-10] c.e.e.s.product.ProductServiceImpl       : saveProductWithImages called with product: test
2024-07-24T22:57:27.622+09:00  INFO 7464 --- [evoproject] [http-nio-8090-exec-10] c.e.e.s.product.ProductServiceImpl       : Processing image: unnamed_47ede357-a6ca-479f-8b90-1b109b4ef804_900x.webp
2024-07-24T22:57:27.622+09:00  INFO 7464 --- [evoproject] [http-nio-8090-exec-10] c.e.e.service.image.ImageServiceImpl     : Saving file to: evoproject\src\main\resources\static\productimage\c38d00cf-8a43-4de4-a1ed-e9b9bec7d175_unnamed_47ede357-a6ca-479f-8b90-1b109b4ef804_900x.webp
2024-07-24T22:57:27.625+09:00  INFO 7464 --- [evoproject] [http-nio-8090-exec-10] c.e.e.service.image.ImageServiceImpl     : Saving image: /productimage/c38d00cf-8a43-4de4-a1ed-e9b9bec7d175_unnamed_47ede357-a6ca-479f-8b90-1b109b4ef804_900x.webp
2024-07-24T22:57:27.643+09:00  INFO 7464 --- [evoproject] [http-nio-8090-exec-10] c.e.e.s.product.ProductServiceImpl       : 모든 제품 목록을 가져오는 서비스 - 정렬기준: pro_date_desc, 페이지: 1, 사이즈: 10
2024-07-24T22:57:31.090+09:00  INFO 7464 --- [evoproject] [scheduling-1] c.e.e.s.product.ProductServiceImpl       : 조회수 업데이트 작업을 시작합니다.
2024-07-24T22:57:31.091+09:00  INFO 7464 --- [evoproject] [scheduling-1] c.e.e.s.product.ProductServiceImpl       : 조회수 업데이트 작업을 완료했습니다.
2024-07-24T22:57:44.629+09:00  INFO 7464 --- [evoproject] [http-nio-8090-exec-9] c.e.e.s.product.ProductServiceImpl       : 모든 제품 목록을 가져오는 서비스 - 정렬기준: pro_date_desc, 페이지: 1, 사이즈: 10
2024-07-24T22:57:46.812+09:00  INFO 7464 --- [evoproject] [http-nio-8090-exec-1] c.e.e.s.product.ProductServiceImpl       : 특정 제품 상세 정보를 가져오는 서비스 - 제품 번호: 62
2024-07-24T22:57:46.814+09:00  INFO 7464 --- [evoproject] [http-nio-8090-exec-1] c.e.e.s.product.ProductServiceImpl       : 제품 번호 62의 조회수를 증가시킵니다.
2024-07-24T22:57:50.096+09:00  INFO 7464 --- [evoproject] [http-nio-8090-exec-9] c.e.e.s.product.ProductServiceImpl       : 특정 제품 상세 정보를 가져오는 서비스 - 제품 번호: 62
2024-07-24T22:57:50.098+09:00  INFO 7464 --- [evoproject] [http-nio-8090-exec-9] c.e.e.s.product.ProductServiceImpl       : 제품 번호 62의 조회수를 증가시킵니다.
2024-07-24T22:57:53.724+09:00  WARN 7464 --- [evoproject] [http-nio-8090-exec-10] .w.s.m.s.DefaultHandlerExceptionResolver : Resolved [org.springframework.web.bind.MethodArgumentNotValidException: Validation failed for argument [0] in public java.lang.String com.evo.evoproject.controller.admin.AdminProductController.updateProduct(com.evo.evoproject.domain.product.Product,java.util.List<org.springframework.web.multipart.MultipartFile>,java.util.List<java.lang.Integer>): [Field error in object 'product' on field 'shipping': rejected value [11,212,133]; codes [typeMismatch.product.shipping,typeMismatch.shipping,typeMismatch.int,typeMismatch]; arguments [org.springframework.context.support.DefaultMessageSourceResolvable: codes [product.shipping,shipping]; arguments []; default message [shipping]]; default message [Failed to convert property value of type 'java.lang.String' to required type 'int' for property 'shipping'; For input string: "11,212,133"]] ]
2024-07-24T22:58:31.032+09:00  INFO 7464 --- [evoproject] [scheduling-1] c.e.e.s.product.ProductServiceImpl       : 조회수 업데이트 작업을 시작합니다.
2024-07-24T22:58:31.032+09:00  INFO 7464 --- [evoproject] [scheduling-1] c.e.e.s.product.ProductServiceImpl       : 제품 번호 62의 조회수를 2만큼 업데이트합니다.
2024-07-24T22:58:31.036+09:00  INFO 7464 --- [evoproject] [scheduling-1] c.e.e.s.product.ProductServiceImpl       : 조회수 업데이트 작업을 완료했습니다.
2024-07-24T22:59:31.040+09:00  INFO 7464 --- [evoproject] [scheduling-1] c.e.e.s.product.ProductServiceImpl       : 조회수 업데이트 작업을 시작합니다.
2024-07-24T22:59:31.040+09:00  INFO 7464 --- [evoproject] [scheduling-1] c.e.e.s.product.ProductServiceImpl       : 조회수 업데이트 작업을 완료했습니다.
2024-07-24T23:00:31.035+09:00  INFO 7464 --- [evoproject] [scheduling-1] c.e.e.s.product.ProductServiceImpl       : 조회수 업데이트 작업을 시작합니다.
2024-07-24T23:00:31.035+09:00  INFO 7464 --- [evoproject] [scheduling-1] c.e.e.s.product.ProductServiceImpl       : 조회수 업데이트 작업을 완료했습니다.
2024-07-24T23:01:31.035+09:00  INFO 7464 --- [evoproject] [scheduling-1] c.e.e.s.product.ProductServiceImpl       : 조회수 업데이트 작업을 시작합니다.
2024-07-24T23:01:31.036+09:00  INFO 7464 --- [evoproject] [scheduling-1] c.e.e.s.product.ProductServiceImpl       : 조회수 업데이트 작업을 완료했습니다.
2024-07-24T23:02:31.044+09:00  INFO 7464 --- [evoproject] [scheduling-1] c.e.e.s.product.ProductServiceImpl       : 조회수 업데이트 작업을 시작합니다.
2024-07-24T23:02:31.044+09:00  INFO 7464 --- [evoproject] [scheduling-1] c.e.e.s.product.ProductServiceImpl       : 조회수 업데이트 작업을 완료했습니다.
2024-07-24T23:03:31.042+09:00  INFO 7464 --- [evoproject] [scheduling-1] c.e.e.s.product.ProductServiceImpl       : 조회수 업데이트 작업을 시작합니다.
2024-07-24T23:03:31.042+09:00  INFO 7464 --- [evoproject] [scheduling-1] c.e.e.s.product.ProductServiceImpl       : 조회수 업데이트 작업을 완료했습니다.
2024-07-24T23:04:20.724+09:00  INFO 7464 --- [evoproject] [SpringApplicationShutdownHook] com.zaxxer.hikari.HikariDataSource       : HikariPool-1 - Shutdown initiated...
2024-07-24T23:04:20.731+09:00  INFO 7464 --- [evoproject] [SpringApplicationShutdownHook] com.zaxxer.hikari.HikariDataSource       : HikariPool-1 - Shutdown completed.
2024-07-24T23:04:25.225+09:00  INFO 21144 --- [evoproject] [main] c.evo.evoproject.EvoprojectApplication   : Starting EvoprojectApplication using Java 17.0.11 with PID 21144 (C:\DevelopmentKits\team4project_(Development)\EVO\evoproject\build\classes\java\main started by A in C:\DevelopmentKits\team4project_(Development))
2024-07-24T23:04:25.228+09:00  INFO 21144 --- [evoproject] [main] c.evo.evoproject.EvoprojectApplication   : No active profile set, falling back to 1 default profile: "default"
2024-07-24T23:04:26.601+09:00  INFO 21144 --- [evoproject] [main] o.s.b.w.embedded.tomcat.TomcatWebServer  : Tomcat initialized with port 8090 (http)
2024-07-24T23:04:26.617+09:00  INFO 21144 --- [evoproject] [main] o.apache.catalina.core.StandardService   : Starting service [Tomcat]
2024-07-24T23:04:26.618+09:00  INFO 21144 --- [evoproject] [main] o.apache.catalina.core.StandardEngine    : Starting Servlet engine: [Apache Tomcat/10.1.25]
2024-07-24T23:04:26.707+09:00  INFO 21144 --- [evoproject] [main] o.a.c.c.C.[Tomcat].[localhost].[/]       : Initializing Spring embedded WebApplicationContext
2024-07-24T23:04:26.707+09:00  INFO 21144 --- [evoproject] [main] w.s.c.ServletWebServerApplicationContext : Root WebApplicationContext: initialization completed in 1427 ms
2024-07-24T23:04:27.365+09:00  INFO 21144 --- [evoproject] [main] o.s.b.a.w.s.WelcomePageHandlerMapping    : Adding welcome page template: index
2024-07-24T23:04:27.567+09:00  INFO 21144 --- [evoproject] [main] o.s.s.web.DefaultSecurityFilterChain     : Will secure any request with [org.springframework.security.web.session.DisableEncodeUrlFilter@49b89425, org.springframework.security.web.context.request.async.WebAsyncManagerIntegrationFilter@59328218, org.springframework.security.web.context.SecurityContextHolderFilter@26fadd98, org.springframework.security.web.header.HeaderWriterFilter@130a6eb9, org.springframework.web.filter.CorsFilter@5345dfe8, org.springframework.security.web.authentication.logout.LogoutFilter@409732fb, com.evo.evoproject.config.LoginFilter@478967eb, org.springframework.security.web.authentication.UsernamePasswordAuthenticationFilter@71b97eeb, org.springframework.security.web.savedrequest.RequestCacheAwareFilter@3db6dd52, org.springframework.security.web.servletapi.SecurityContextHolderAwareRequestFilter@6ef4cbe1, org.springframework.security.web.authentication.AnonymousAuthenticationFilter@4a1dda83, org.springframework.security.web.access.ExceptionTranslationFilter@5b742bc8, org.springframework.security.web.access.intercept.AuthorizationFilter@24197b13]
2024-07-24T23:04:27.833+09:00  INFO 21144 --- [evoproject] [main] o.s.b.w.embedded.tomcat.TomcatWebServer  : Tomcat started on port 8090 (http) with context path ''
2024-07-24T23:04:27.844+09:00  INFO 21144 --- [evoproject] [main] c.evo.evoproject.EvoprojectApplication   : Started EvoprojectApplication in 3.166 seconds (process running for 3.884)
2024-07-24T23:04:27.848+09:00  INFO 21144 --- [evoproject] [scheduling-1] c.e.e.s.product.ProductServiceImpl       : 조회수 업데이트 작업을 시작합니다.
2024-07-24T23:04:27.848+09:00  INFO 21144 --- [evoproject] [scheduling-1] c.e.e.s.product.ProductServiceImpl       : 조회수 업데이트 작업을 완료했습니다.
2024-07-24T23:04:30.813+09:00  INFO 21144 --- [evoproject] [http-nio-8090-exec-1] o.a.c.c.C.[Tomcat].[localhost].[/]       : Initializing Spring DispatcherServlet 'dispatcherServlet'
2024-07-24T23:04:30.814+09:00  INFO 21144 --- [evoproject] [http-nio-8090-exec-1] o.s.web.servlet.DispatcherServlet        : Initializing Servlet 'dispatcherServlet'
2024-07-24T23:04:30.815+09:00  INFO 21144 --- [evoproject] [http-nio-8090-exec-1] o.s.web.servlet.DispatcherServlet        : Completed initialization in 0 ms
2024-07-24T23:04:37.147+09:00  INFO 21144 --- [evoproject] [http-nio-8090-exec-10] com.zaxxer.hikari.HikariDataSource       : HikariPool-1 - Starting...
2024-07-24T23:04:37.413+09:00  INFO 21144 --- [evoproject] [http-nio-8090-exec-10] com.zaxxer.hikari.pool.HikariPool        : HikariPool-1 - Added connection com.mysql.cj.jdbc.ConnectionImpl@51853e99
2024-07-24T23:04:37.415+09:00  INFO 21144 --- [evoproject] [http-nio-8090-exec-10] com.zaxxer.hikari.HikariDataSource       : HikariPool-1 - Start completed.
2024-07-24T23:04:42.261+09:00  INFO 21144 --- [evoproject] [http-nio-8090-exec-1] c.e.e.s.product.ProductServiceImpl       : 모든 제품 목록을 가져오는 서비스 - 정렬기준: pro_date_desc, 페이지: 1, 사이즈: 10
2024-07-24T23:04:43.045+09:00  INFO 21144 --- [evoproject] [http-nio-8090-exec-9] c.e.e.s.product.ProductServiceImpl       : 모든 제품 목록을 가져오는 서비스 - 정렬기준: pro_date_desc, 페이지: 1, 사이즈: 10
2024-07-24T23:04:46.129+09:00  INFO 21144 --- [evoproject] [http-nio-8090-exec-7] c.e.e.s.product.ProductServiceImpl       : 특정 제품 상세 정보를 가져오는 서비스 - 제품 번호: 62
2024-07-24T23:04:46.134+09:00  INFO 21144 --- [evoproject] [http-nio-8090-exec-7] c.e.e.s.product.ProductServiceImpl       : 제품 번호 62의 조회수를 증가시킵니다.
2024-07-24T23:04:50.419+09:00  INFO 21144 --- [evoproject] [http-nio-8090-exec-10] c.e.e.s.product.ProductServiceImpl       : updateProductWithImages called with product: test
2024-07-24T23:04:50.423+09:00  INFO 21144 --- [evoproject] [http-nio-8090-exec-10] c.e.e.s.product.ProductServiceImpl       : Existing images: [Image(imageId=195, imageName=/productimage/c38d00cf-8a43-4de4-a1ed-e9b9bec7d175_unnamed_47ede357-a6ca-479f-8b90-1b109b4ef804_900x.webp, imageType=상품)]
2024-07-24T23:04:50.436+09:00  INFO 21144 --- [evoproject] [http-nio-8090-exec-10] c.e.e.s.product.ProductServiceImpl       : 모든 제품 목록을 가져오는 서비스 - 정렬기준: pro_date_desc, 페이지: 1, 사이즈: 10
2024-07-24T23:04:54.366+09:00  INFO 21144 --- [evoproject] [http-nio-8090-exec-9] c.e.e.s.product.ProductServiceImpl       : 모든 제품 목록을 가져오는 서비스 - 정렬기준: pro_date_desc, 페이지: 1, 사이즈: 10
2024-07-24T23:04:58.787+09:00  INFO 21144 --- [evoproject] [http-nio-8090-exec-3] c.e.e.s.product.ProductServiceImpl       : 모든 제품 목록을 가져오는 서비스 - 정렬기준: pro_date_desc, 페이지: 1, 사이즈: 10
2024-07-24T23:05:27.855+09:00  INFO 21144 --- [evoproject] [scheduling-1] c.e.e.s.product.ProductServiceImpl       : 조회수 업데이트 작업을 시작합니다.
2024-07-24T23:05:27.855+09:00  INFO 21144 --- [evoproject] [scheduling-1] c.e.e.s.product.ProductServiceImpl       : 제품 번호 62의 조회수를 1만큼 업데이트합니다.
2024-07-24T23:05:27.857+09:00  INFO 21144 --- [evoproject] [scheduling-1] c.e.e.s.product.ProductServiceImpl       : 조회수 업데이트 작업을 완료했습니다.
2024-07-24T23:06:27.846+09:00  INFO 21144 --- [evoproject] [scheduling-1] c.e.e.s.product.ProductServiceImpl       : 조회수 업데이트 작업을 시작합니다.
2024-07-24T23:06:27.846+09:00  INFO 21144 --- [evoproject] [scheduling-1] c.e.e.s.product.ProductServiceImpl       : 조회수 업데이트 작업을 완료했습니다.
2024-07-24T23:07:27.847+09:00  INFO 21144 --- [evoproject] [scheduling-1] c.e.e.s.product.ProductServiceImpl       : 조회수 업데이트 작업을 시작합니다.
2024-07-24T23:07:27.847+09:00  INFO 21144 --- [evoproject] [scheduling-1] c.e.e.s.product.ProductServiceImpl       : 조회수 업데이트 작업을 완료했습니다.
2024-07-24T23:07:48.423+09:00  INFO 21144 --- [evoproject] [SpringApplicationShutdownHook] com.zaxxer.hikari.HikariDataSource       : HikariPool-1 - Shutdown initiated...
2024-07-24T23:07:48.483+09:00  INFO 21144 --- [evoproject] [SpringApplicationShutdownHook] com.zaxxer.hikari.HikariDataSource       : HikariPool-1 - Shutdown completed.
